<?xml version="1.0" encoding="UTF-8"?>
<!-- Generated by org.testng.reporters.JUnitReportReporter -->
<testsuite hostname="DESKTOP-7R4ES4M" failures="0" tests="1" name="RestassuredTraining.QueryandPathParams" time="4.005" errors="0" timestamp="2024-07-15T14:11:05 IST" skipped="0">
  <testcase classname="RestassuredTraining.QueryandPathParams" name="GetHeaders" time="4.005"/>
</testsuite> <!-- RestassuredTraining.QueryandPathParams -->
