<?xml version="1.0" encoding="UTF-8"?>
<!-- Generated by org.testng.reporters.JUnitReportReporter -->
<testsuite hostname="DESKTOP-7R4ES4M" failures="0" tests="2" name="Test_Admin.SearchBox_Admin_Test.SearchBox_Admin_Test" time="7.562" errors="0" timestamp="2024-08-19T16:20:49 IST" skipped="0">
  <testcase classname="Test_Admin.SearchBox_Admin_Test.SearchBox_Admin_Test" name="VerifyPass_Reporter_Name" time="2.824"/>
  <testcase classname="Test_Admin.SearchBox_Admin_Test.SearchBox_Admin_Test" name="VerifyPass_Category_Value" time="4.738"/>
</testsuite> <!-- Test_Admin.SearchBox_Admin_Test.SearchBox_Admin_Test -->
