<?xml version="1.0" encoding="UTF-8"?>
<!-- Generated by org.testng.reporters.JUnitReportReporter -->
<testsuite hostname="DESKTOP-7R4ES4M" failures="0" tests="3" name="Test_Staff.SC_AL_002_SearchBox_Staff_Text" time="24.587" errors="0" timestamp="2024-08-27T23:17:07 IST" skipped="0">
  <testcase classname="Test_Staff.SC_AL_002_SearchBox_Staff_Text" name="TC_001_validTicket_ID" time="19.518"/>
  <testcase classname="Test_Staff.SC_AL_002_SearchBox_Staff_Text" name="TC_002_InvlidTicket_ID" time="2.571"/>
  <testcase classname="Test_Staff.SC_AL_002_SearchBox_Staff_Text" name="TC_003_ReportName" time="2.498"/>
</testsuite> <!-- Test_Staff.SC_AL_002_SearchBox_Staff_Text -->
