<?xml version="1.0" encoding="UTF-8"?>
<!-- Generated by org.testng.reporters.JUnitReportReporter -->
<testsuite hostname="DESKTOP-7R4ES4M" failures="0" tests="1" name="Test_Alumni.SC_AL_004_Test_RequestTest" time="32.404" errors="0" timestamp="2024-08-29T11:24:25 IST" skipped="0">
  <testcase classname="Test_Alumni.SC_AL_004_Test_RequestTest" name="VerifyUploadInvalidSizeFile" time="32.404"/>
</testsuite> <!-- Test_Alumni.SC_AL_004_Test_RequestTest -->
