<?xml version="1.0" encoding="UTF-8"?>
<!-- Generated by org.testng.reporters.JUnitReportReporter -->
<testsuite hostname="DESKTOP-7R4ES4M" failures="0" tests="2" name="Test_Alumni.SC_AL_002_ForgetPassword_Test" time="34.515" errors="0" timestamp="2024-08-27T15:04:19 IST" skipped="0">
  <testcase classname="Test_Alumni.SC_AL_002_ForgetPassword_Test" name="VerifyValidEmail" time="21.290"/>
  <testcase classname="Test_Alumni.SC_AL_002_ForgetPassword_Test" name="VerifyInvalidEmail" time="13.225"/>
</testsuite> <!-- Test_Alumni.SC_AL_002_ForgetPassword_Test -->
