<?xml version="1.0" encoding="UTF-8"?>
<!-- Generated by org.testng.reporters.JUnitReportReporter -->
<testsuite hostname="DESKTOP-7R4ES4M" failures="0" tests="1" name="Test_Staff.SC_AL_001_StaffLoginTest" time="15.807" errors="0" timestamp="2024-08-27T23:15:24 IST" skipped="0">
  <testcase classname="Test_Staff.SC_AL_001_StaffLoginTest" name="VerifyStaffLogin" time="15.807"/>
</testsuite> <!-- Test_Staff.SC_AL_001_StaffLoginTest -->
