<?xml version="1.0" encoding="UTF-8"?>
<!-- Generated by org.testng.reporters.JUnitReportReporter -->
<testsuite hostname="DESKTOP-7R4ES4M" failures="0" tests="1" name="Test_Admin.SC_AL_009.Logout_Test" time="5.976" errors="0" timestamp="2024-08-29T11:14:46 IST" skipped="0">
  <testcase classname="Test_Admin.SC_AL_009.Logout_Test" name="VerifyLogout" time="5.976"/>
</testsuite> <!-- Test_Admin.SC_AL_009.Logout_Test -->
