<?xml version="1.0" encoding="UTF-8"?>
<!-- Generated by org.testng.reporters.JUnitReportReporter -->
<testsuite hostname="DESKTOP-7R4ES4M" failures="0" tests="1" name="Test_Admin.Status_Priority_Test.Status_Priority_Test" time="10.279" errors="0" timestamp="2024-08-13T12:28:31 IST" skipped="0">
  <testcase classname="Test_Admin.Status_Priority_Test.Status_Priority_Test" name="Verity_Ticket_New_to_Closed" time="10.279"/>
</testsuite> <!-- Test_Admin.Status_Priority_Test.Status_Priority_Test -->
