<?xml version="1.0" encoding="UTF-8"?>
<!-- Generated by org.testng.reporters.JUnitReportReporter -->
<testsuite hostname="DESKTOP-7R4ES4M" failures="0" tests="1" name="Test_Admin.Manage.SC_AL_007.Categories_Test" time="5.962" errors="0" timestamp="2024-08-29T10:43:52 IST" skipped="0">
  <testcase classname="Test_Admin.Manage.SC_AL_007.Categories_Test" name="TC_001_VerifyCategoryName" time="5.962"/>
</testsuite> <!-- Test_Admin.Manage.SC_AL_007.Categories_Test -->
