<?xml version="1.0" encoding="UTF-8"?>
<!-- Generated by org.testng.reporters.JUnitReportReporter -->
<testsuite hostname="DESKTOP-7R4ES4M" failures="0" tests="3" name="Test_Alumni.SC_AL_001_Test_LoginTest" time="60.788" errors="0" timestamp="2024-08-27T14:58:27 IST" skipped="0">
  <testcase classname="Test_Alumni.SC_AL_001_Test_LoginTest" name="TC001_VerifyLogin" time="19.465"/>
  <testcase classname="Test_Alumni.SC_AL_001_Test_LoginTest" name="TC002_VerifyInavlidEmail" time="19.623"/>
  <testcase classname="Test_Alumni.SC_AL_001_Test_LoginTest" name="TC003_VerifyInvalidPassword" time="21.700"/>
</testsuite> <!-- Test_Alumni.SC_AL_001_Test_LoginTest -->
