<?xml version="1.0" encoding="UTF-8"?>
<!-- Generated by org.testng.reporters.JUnitReportReporter -->
<testsuite hostname="DESKTOP-7R4ES4M" failures="0" tests="2" name="Test_Admin.SC_AL_004.ManageAlumni_Test" time="4.700" errors="0" timestamp="2024-08-28T17:13:14 IST" skipped="0">
  <testcase classname="Test_Admin.SC_AL_004.ManageAlumni_Test" name="TC_002_VerifySearch_EMPId" time="3.693"/>
  <testcase classname="Test_Admin.SC_AL_004.ManageAlumni_Test" name="TC_003_VerifySearch_Gmail" time="1.007"/>
</testsuite> <!-- Test_Admin.SC_AL_004.ManageAlumni_Test -->
