<?xml version="1.0" encoding="UTF-8"?>
<!-- Generated by org.testng.reporters.JUnitReportReporter -->
<testsuite hostname="DESKTOP-7R4ES4M" failures="0" tests="1" name="Test_Alumni.SC_AL_003_Test_AlumniTicket_Test" time="5.019" errors="0" timestamp="2024-08-29T11:18:35 IST" skipped="0">
  <testcase classname="Test_Alumni.SC_AL_003_Test_AlumniTicket_Test" name="TC_002_VerifyAlert" time="5.019"/>
</testsuite> <!-- Test_Alumni.SC_AL_003_Test_AlumniTicket_Test -->
