<?xml version="1.0" encoding="UTF-8"?>
<!-- Generated by org.testng.reporters.JUnitReportReporter -->
<testsuite hostname="DESKTOP-7R4ES4M" failures="0" tests="1" name="Test_Alumni.SC_AL_005_Test_SearchBox" time="9.913" errors="0" timestamp="2024-08-27T17:48:17 IST" skipped="0">
  <testcase classname="Test_Alumni.SC_AL_005_Test_SearchBox" name="VerifyPass_Ticket_ID" time="9.913"/>
</testsuite> <!-- Test_Alumni.SC_AL_005_Test_SearchBox -->
