<?xml version="1.0" encoding="UTF-8"?>
<!-- Generated by org.testng.reporters.JUnitReportReporter -->
<testsuite hostname="DESKTOP-7R4ES4M" failures="0" tests="1" name="Test_Admin.Manage.Categories_Test.Categories_Test" time="8.766" errors="0" timestamp="2024-08-18T22:08:17 IST" skipped="0">
  <testcase classname="Test_Admin.Manage.Categories_Test.Categories_Test" name="VeriyCreateNewCategory" time="8.766"/>
</testsuite> <!-- Test_Admin.Manage.Categories_Test.Categories_Test -->
