<?xml version="1.0" encoding="UTF-8"?>
<!-- Generated by org.testng.reporters.JUnitReportReporter -->
<testsuite hostname="DESKTOP-7R4ES4M" failures="0" tests="1" name="Test_Staff.StaffLoginTest" time="21.069" errors="0" timestamp="2024-08-27T18:06:26 IST" skipped="0">
  <testcase classname="Test_Staff.StaffLoginTest" name="VerifyStaffLogin" time="21.069"/>
</testsuite> <!-- Test_Staff.StaffLoginTest -->
