<?xml version="1.0" encoding="UTF-8"?>
<!-- Generated by org.testng.reporters.JUnitReportReporter -->
<testsuite hostname="DESKTOP-7R4ES4M" failures="0" tests="1" name="Test_Staff.Filters.Category_Filter_Test" time="62.332" errors="0" timestamp="2024-08-28T18:18:37 IST" skipped="0">
  <testcase classname="Test_Staff.Filters.Category_Filter_Test" name="VerifyCategoryFilter" time="62.332"/>
</testsuite> <!-- Test_Staff.Filters.Category_Filter_Test -->
