<?xml version="1.0" encoding="UTF-8"?>
<!-- Generated by org.testng.reporters.JUnitReportReporter -->
<testsuite hostname="DESKTOP-7R4ES4M" failures="0" tests="1" name="Test_Staff.Filters.Department_filter_Test" time="65.610" errors="0" timestamp="2024-08-28T18:31:45 IST" skipped="0">
  <testcase classname="Test_Staff.Filters.Department_filter_Test" name="VerifyDepartment" time="65.610"/>
</testsuite> <!-- Test_Staff.Filters.Department_filter_Test -->
