<?xml version="1.0" encoding="UTF-8"?>
<!-- Generated by org.testng.reporters.JUnitReportReporter -->
<testsuite hostname="DESKTOP-7R4ES4M" failures="0" tests="3" name="Test_Admin.LoginTest_Admin" time="26.380" errors="0" timestamp="2024-08-22T16:06:37 IST" skipped="0">
  <testcase classname="Test_Admin.LoginTest_Admin" name="VerifyAdminLogin" time="9.936"/>
  <testcase classname="Test_Admin.LoginTest_Admin" name="TC002_VerifyInavlidEmail" time="8.154"/>
  <testcase classname="Test_Admin.LoginTest_Admin" name="TC003_VerifyInvalidPassword" time="8.290"/>
</testsuite> <!-- Test_Admin.LoginTest_Admin -->
