<?xml version="1.0" encoding="UTF-8"?>
<!-- Generated by org.testng.reporters.JUnitReportReporter -->
<testsuite hostname="DESKTOP-7R4ES4M" failures="0" tests="3" name="Test_Admin.SC_AL_001_LoginTest_Admin" time="36.544" errors="0" timestamp="2024-08-28T13:16:35 IST" skipped="0">
  <testcase classname="Test_Admin.SC_AL_001_LoginTest_Admin" name="TC_001_VerifyAdminLogin" time="13.622"/>
  <testcase classname="Test_Admin.SC_AL_001_LoginTest_Admin" name="TC002_VerifyInavlidEmail" time="11.058"/>
  <testcase classname="Test_Admin.SC_AL_001_LoginTest_Admin" name="TC003_VerifyInvalidPassword" time="11.864"/>
</testsuite> <!-- Test_Admin.SC_AL_001_LoginTest_Admin -->
