<?xml version="1.0" encoding="UTF-8"?>
<!-- Generated by org.testng.reporters.JUnitReportReporter -->
<testsuite hostname="DESKTOP-7R4ES4M" failures="0" tests="1" name="com.Alumnihelpdesk.portal.AlumniPositiveTests" time="48.991" errors="0" timestamp="2024-06-24T18:52:42 IST" skipped="0">
  <testcase classname="com.Alumnihelpdesk.portal.AlumniPositiveTests" name="VefifyCloseTicketproperly" time="48.991"/>
</testsuite> <!-- com.Alumnihelpdesk.portal.AlumniPositiveTests -->
