<?xml version="1.0" encoding="UTF-8"?>
<!-- Generated by org.testng.reporters.JUnitReportReporter -->
<testsuite hostname="DESKTOP-7R4ES4M" failures="0" tests="1" name="Test_Admin.Filters_SC_AL_003.Department_Test" time="134.562" errors="0" timestamp="2024-08-28T16:27:53 IST" skipped="0">
  <testcase classname="Test_Admin.Filters_SC_AL_003.Department_Test" name="TC_001_VerifyDepartment" time="134.562"/>
</testsuite> <!-- Test_Admin.Filters_SC_AL_003.Department_Test -->
