<?xml version="1.0" encoding="UTF-8"?>
<!-- Generated by org.testng.reporters.JUnitReportReporter -->
<testsuite hostname="DESKTOP-7R4ES4M" failures="0" tests="1" name="Utilities.Exceldata" time="1.649" errors="0" timestamp="2024-08-01T12:37:10 IST" skipped="0">
  <testcase classname="Utilities.Exceldata" name="ReadExcel" time="1.649"/>
</testsuite> <!-- Utilities.Exceldata -->
