<?xml version="1.0" encoding="UTF-8"?>
<!-- Generated by org.testng.reporters.JUnitReportReporter -->
<testsuite hostname="DESKTOP-7R4ES4M" failures="0" tests="1" name="RestassuredTraining.HttpsRequest" time="29.834" errors="0" timestamp="2024-07-16T18:46:05 IST" skipped="0">
  <testcase classname="RestassuredTraining.HttpsRequest" name="GetUsers" time="29.834"/>
</testsuite> <!-- RestassuredTraining.HttpsRequest -->
