<?xml version="1.0" encoding="UTF-8"?>
<!-- Generated by org.testng.reporters.JUnitReportReporter -->
<testsuite hostname="DESKTOP-7R4ES4M" failures="0" tests="1" name="Test_Staff.Filters.Status_Staff_Test" time="25.450" errors="0" timestamp="2024-08-28T18:44:34 IST" skipped="0">
  <testcase classname="Test_Staff.Filters.Status_Staff_Test" name="VerifyStatusFilter" time="25.450"/>
</testsuite> <!-- Test_Staff.Filters.Status_Staff_Test -->
