<?xml version="1.0" encoding="UTF-8"?>
<!-- Generated by org.testng.reporters.JUnitReportReporter -->
<testsuite hostname="DESKTOP-7R4ES4M" failures="0" tests="3" name="Test_Admin.SC_AL_005.Manage_Staff_Test" time="21.703" errors="0" timestamp="2024-08-28T18:10:03 IST" skipped="0">
  <testcase classname="Test_Admin.SC_AL_005.Manage_Staff_Test" name="TC_002_VerifySeachBox" time="8.564"/>
  <testcase classname="Test_Admin.SC_AL_005.Manage_Staff_Test" name="TC_003_VerifyInavlidSearch" time="6.681"/>
  <testcase classname="Test_Admin.SC_AL_005.Manage_Staff_Test" name="TC_004_VerifyInvalid_UnkownName" time="6.458"/>
</testsuite> <!-- Test_Admin.SC_AL_005.Manage_Staff_Test -->
