<?xml version="1.0" encoding="UTF-8"?>
<!-- Generated by org.testng.reporters.JUnitReportReporter -->
<testsuite hostname="DESKTOP-7R4ES4M" failures="0" tests="1" name="BaseClass.Base" time="0.013" errors="0" timestamp="2024-08-01T09:19:50 IST" skipped="0">
  <testcase classname="BaseClass.Base" name="TestBase" time="0.013"/>
</testsuite> <!-- BaseClass.Base -->
