<?xml version="1.0" encoding="UTF-8"?>
<!-- Generated by org.testng.reporters.JUnitReportReporter -->
<testsuite hostname="DESKTOP-7R4ES4M" failures="0" tests="1" name="Test_Alumni.DummyTest" time="8.072" errors="0" timestamp="2024-08-08T14:46:54 IST" skipped="0">
  <testcase classname="Test_Alumni.DummyTest" name="Dummy" time="8.072"/>
</testsuite> <!-- Test_Alumni.DummyTest -->
