<?xml version="1.0" encoding="UTF-8"?>
<!-- Generated by org.testng.reporters.JUnitReportReporter -->
<testsuite hostname="DESKTOP-7R4ES4M" failures="0" tests="1" name="Test_Admin.SC_AL_002_Assign_forward_Test" time="15.843" errors="0" timestamp="2024-08-28T13:48:42 IST" skipped="0">
  <testcase classname="Test_Admin.SC_AL_002_Assign_forward_Test" name="verifyForwardTicket" time="15.843"/>
</testsuite> <!-- Test_Admin.SC_AL_002_Assign_forward_Test -->
