<?xml version="1.0" encoding="UTF-8"?>
<!-- Generated by org.testng.reporters.JUnitReportReporter -->
<testsuite hostname="DESKTOP-7R4ES4M" failures="0" tests="1" name="Test_Admin.Manage.SC_AL_006.Organization_Test" time="4.041" errors="0" timestamp="2024-08-29T10:30:06 IST" skipped="0">
  <testcase classname="Test_Admin.Manage.SC_AL_006.Organization_Test" name="verifyCreate_New_Location" time="4.041"/>
</testsuite> <!-- Test_Admin.Manage.SC_AL_006.Organization_Test -->
