<?xml version="1.0" encoding="UTF-8"?>
<!-- Generated by org.testng.reporters.JUnitReportReporter -->
<testsuite hostname="DESKTOP-7R4ES4M" failures="0" tests="1" name="Test_Admin.Filters_SC_AL_003.Priority_Test" time="35.547" errors="0" timestamp="2024-08-28T15:45:12 IST" skipped="0">
  <testcase classname="Test_Admin.Filters_SC_AL_003.Priority_Test" name="TC_001_VerifyStatusFilter" time="35.547"/>
</testsuite> <!-- Test_Admin.Filters_SC_AL_003.Priority_Test -->
