<?xml version="1.0" encoding="UTF-8"?>
<!-- Generated by org.testng.reporters.JUnitReportReporter -->
<testsuite hostname="DESKTOP-7R4ES4M" failures="0" tests="1" name="com.Alumnihelpdesk.portal.AlumniStaffLogin" time="18.283" errors="0" timestamp="2024-06-24T15:41:36 IST" skipped="0">
  <testcase classname="com.Alumnihelpdesk.portal.AlumniStaffLogin" name="Stafflogin" time="18.283"/>
</testsuite> <!-- com.Alumnihelpdesk.portal.AlumniStaffLogin -->
