<?xml version="1.0" encoding="UTF-8"?>
<!-- Generated by org.testng.reporters.JUnitReportReporter -->
<testsuite hostname="DESKTOP-7R4ES4M" failures="0" tests="2" name="Test_Staff.Searchbox_Staff_Test.SearchBox_Staff_Text" time="22.414" errors="0" timestamp="2024-08-19T20:17:17 IST" skipped="0">
  <testcase classname="Test_Staff.Searchbox_Staff_Test.SearchBox_Staff_Text" name="VerifyPass_Reporter_Name" time="2.442"/>
  <testcase classname="Test_Staff.Searchbox_Staff_Test.SearchBox_Staff_Text" name="VerifyPass_Category_Value" time="19.972"/>
</testsuite> <!-- Test_Staff.Searchbox_Staff_Test.SearchBox_Staff_Text -->
