<?xml version="1.0" encoding="UTF-8"?>
<!-- Generated by org.testng.reporters.JUnitReportReporter -->
<testsuite hostname="DESKTOP-7R4ES4M" failures="0" tests="1" name="Test_Admin.Manage_Alumni.ManageAlumni_Test" time="3.472" errors="0" timestamp="2024-08-13T16:41:16 IST" skipped="0">
  <testcase classname="Test_Admin.Manage_Alumni.ManageAlumni_Test" name="VerifySearch_Gmail" time="3.472"/>
</testsuite> <!-- Test_Admin.Manage_Alumni.ManageAlumni_Test -->
