<?xml version="1.0" encoding="UTF-8"?>
<!-- Generated by org.testng.reporters.JUnitReportReporter -->
<testsuite hostname="DESKTOP-7R4ES4M" failures="0" tests="1" name="Test_Staff.AssginAndForward.SC_AL_003_AssignAndForward_Test" time="22.081" errors="0" timestamp="2024-08-28T10:38:25 IST" skipped="0">
  <testcase classname="Test_Staff.AssginAndForward.SC_AL_003_AssignAndForward_Test" name="VerifyAssignStaff" time="22.081"/>
</testsuite> <!-- Test_Staff.AssginAndForward.SC_AL_003_AssignAndForward_Test -->
