<?xml version="1.0" encoding="UTF-8"?>
<!-- Generated by org.testng.reporters.JUnitReportReporter -->
<testsuite hostname="DESKTOP-7R4ES4M" failures="0" tests="1" name="Test_Admin.ManageStaff_Test.Manage_Staff_Test" time="8.788" errors="0" timestamp="2024-08-16T12:11:34 IST" skipped="0">
  <testcase classname="Test_Admin.ManageStaff_Test.Manage_Staff_Test" name="VerifyInvalid_UnkownName" time="8.788"/>
</testsuite> <!-- Test_Admin.ManageStaff_Test.Manage_Staff_Test -->
