<?xml version="1.0" encoding="UTF-8"?>
<!-- Generated by org.testng.reporters.JUnitReportReporter -->
<testsuite hostname="DESKTOP-7R4ES4M" failures="0" tests="1" name="com.Alumnihelpdesk.portal.StatusInprogress" time="10.359" errors="0" timestamp="2024-06-25T10:59:13 IST" skipped="0">
  <testcase classname="com.Alumnihelpdesk.portal.StatusInprogress" name="Inprogress" time="10.359"/>
</testsuite> <!-- com.Alumnihelpdesk.portal.StatusInprogress -->
