<?xml version="1.0" encoding="UTF-8"?>
<!-- Generated by org.testng.reporters.JUnitReportReporter -->
<testsuite hostname="DESKTOP-7R4ES4M" failures="0" tests="1" name="Test_Admin.Manage.SC_AL_008.SLA_Test" time="6.148" errors="0" timestamp="2024-08-29T10:58:46 IST" skipped="0">
  <testcase classname="Test_Admin.Manage.SC_AL_008.SLA_Test" name="VerifyCreateNewSLA" time="6.148"/>
</testsuite> <!-- Test_Admin.Manage.SC_AL_008.SLA_Test -->
